Build started 1/09/2014 1:22:01 AM.
     1>Project "C:\Users\Admin\Desktop\OpenGL-in-Virtual-Studio\Workshop4_BobcatRampage!\framework.vcxproj" on node 2 (build target(s)).
     1>InitializeBuildStatus:
         Touching "Debug\framework.unsuccessfulbuild".
       ClCompile:
         D:\Microsoft Visual Studio 2010\VC\bin\CL.exe /c /ZI /nologo /W3 /WX- /Od /Oy- /D WIN32 /D _DEBUG /D _WINDOWS /D _VC80_UPGRADE=0x0710 /D _MBCS /Gm /EHsc /RTC1 /MTd /GS /fp:precise /Zc:wchar_t /Zc:forScope /Fo"Debug\\" /Fd"Debug\vc100.pdb" /Gd /TP /analyze- /errorReport:prompt Excavator.cpp RendererOpenGL.cpp winMain.cpp windowCreator.cpp
         windowCreator.cpp
         winMain.cpp
     1>c:\users\admin\desktop\opengl-in-virtual-studio\workshop4_bobcatrampage!\gametimerhighperformance.h(71): warning C4996: 'sprintf': This function or variable may be unsafe. Consider using sprintf_s instead. To disable deprecation, use _CRT_SECURE_NO_WARNINGS. See online help for details.
                 d:\microsoft visual studio 2010\vc\include\stdio.h(371) : see declaration of 'sprintf'
     1>c:\users\admin\desktop\opengl-in-virtual-studio\workshop4_bobcatrampage!\winmain.cpp(221): warning C4101: 'fps' : unreferenced local variable
         RendererOpenGL.cpp
     1>c:\users\admin\desktop\opengl-in-virtual-studio\workshop4_bobcatrampage!\rendereropengl.cpp(93): warning C4244: 'initializing' : conversion from 'double' to 'int', possible loss of data
     1>c:\users\admin\desktop\opengl-in-virtual-studio\workshop4_bobcatrampage!\rendereropengl.cpp(94): warning C4244: 'initializing' : conversion from 'double' to 'int', possible loss of data
     1>c:\users\admin\desktop\opengl-in-virtual-studio\workshop4_bobcatrampage!\rendereropengl.cpp(95): warning C4244: 'initializing' : conversion from 'double' to 'int', possible loss of data
     1>c:\users\admin\desktop\opengl-in-virtual-studio\workshop4_bobcatrampage!\rendereropengl.cpp(96): warning C4244: 'initializing' : conversion from 'double' to 'int', possible loss of data
     1>c:\users\admin\desktop\opengl-in-virtual-studio\workshop4_bobcatrampage!\rendereropengl.cpp(97): warning C4244: 'initializing' : conversion from 'double' to 'int', possible loss of data
     1>c:\users\admin\desktop\opengl-in-virtual-studio\workshop4_bobcatrampage!\rendereropengl.cpp(98): warning C4244: 'initializing' : conversion from 'double' to 'int', possible loss of data
     1>c:\users\admin\desktop\opengl-in-virtual-studio\workshop4_bobcatrampage!\rendereropengl.cpp(105): warning C4244: 'argument' : conversion from 'int' to 'GLfloat', possible loss of data
     1>c:\users\admin\desktop\opengl-in-virtual-studio\workshop4_bobcatrampage!\rendereropengl.cpp(105): warning C4244: 'argument' : conversion from 'int' to 'GLfloat', possible loss of data
     1>c:\users\admin\desktop\opengl-in-virtual-studio\workshop4_bobcatrampage!\rendereropengl.cpp(105): warning C4244: 'argument' : conversion from 'int' to 'GLfloat', possible loss of data
     1>c:\users\admin\desktop\opengl-in-virtual-studio\workshop4_bobcatrampage!\rendereropengl.cpp(107): warning C4244: 'argument' : conversion from 'int' to 'GLfloat', possible loss of data
     1>c:\users\admin\desktop\opengl-in-virtual-studio\workshop4_bobcatrampage!\rendereropengl.cpp(107): warning C4244: 'argument' : conversion from 'int' to 'GLfloat', possible loss of data
     1>c:\users\admin\desktop\opengl-in-virtual-studio\workshop4_bobcatrampage!\rendereropengl.cpp(107): warning C4244: 'argument' : conversion from 'int' to 'GLfloat', possible loss of data
     1>c:\users\admin\desktop\opengl-in-virtual-studio\workshop4_bobcatrampage!\rendereropengl.cpp(109): warning C4244: 'argument' : conversion from 'int' to 'GLfloat', possible loss of data
     1>c:\users\admin\desktop\opengl-in-virtual-studio\workshop4_bobcatrampage!\rendereropengl.cpp(109): warning C4244: 'argument' : conversion from 'int' to 'GLfloat', possible loss of data
     1>c:\users\admin\desktop\opengl-in-virtual-studio\workshop4_bobcatrampage!\rendereropengl.cpp(109): warning C4244: 'argument' : conversion from 'int' to 'GLfloat', possible loss of data
     1>c:\users\admin\desktop\opengl-in-virtual-studio\workshop4_bobcatrampage!\rendereropengl.cpp(114): warning C4244: 'argument' : conversion from 'int' to 'GLfloat', possible loss of data
     1>c:\users\admin\desktop\opengl-in-virtual-studio\workshop4_bobcatrampage!\rendereropengl.cpp(114): warning C4244: 'argument' : conversion from 'int' to 'GLfloat', possible loss of data
     1>c:\users\admin\desktop\opengl-in-virtual-studio\workshop4_bobcatrampage!\rendereropengl.cpp(114): warning C4244: 'argument' : conversion from 'int' to 'GLfloat', possible loss of data
     1>c:\users\admin\desktop\opengl-in-virtual-studio\workshop4_bobcatrampage!\rendereropengl.cpp(116): warning C4244: 'argument' : conversion from 'int' to 'GLfloat', possible loss of data
     1>c:\users\admin\desktop\opengl-in-virtual-studio\workshop4_bobcatrampage!\rendereropengl.cpp(116): warning C4244: 'argument' : conversion from 'int' to 'GLfloat', possible loss of data
     1>c:\users\admin\desktop\opengl-in-virtual-studio\workshop4_bobcatrampage!\rendereropengl.cpp(116): warning C4244: 'argument' : conversion from 'int' to 'GLfloat', possible loss of data
     1>c:\users\admin\desktop\opengl-in-virtual-studio\workshop4_bobcatrampage!\rendereropengl.cpp(118): warning C4244: 'argument' : conversion from 'int' to 'GLfloat', possible loss of data
     1>c:\users\admin\desktop\opengl-in-virtual-studio\workshop4_bobcatrampage!\rendereropengl.cpp(118): warning C4244: 'argument' : conversion from 'int' to 'GLfloat', possible loss of data
     1>c:\users\admin\desktop\opengl-in-virtual-studio\workshop4_bobcatrampage!\rendereropengl.cpp(118): warning C4244: 'argument' : conversion from 'int' to 'GLfloat', possible loss of data
     1>c:\users\admin\desktop\opengl-in-virtual-studio\workshop4_bobcatrampage!\rendereropengl.cpp(124): warning C4244: 'argument' : conversion from 'int' to 'GLfloat', possible loss of data
     1>c:\users\admin\desktop\opengl-in-virtual-studio\workshop4_bobcatrampage!\rendereropengl.cpp(124): warning C4244: 'argument' : conversion from 'int' to 'GLfloat', possible loss of data
     1>c:\users\admin\desktop\opengl-in-virtual-studio\workshop4_bobcatrampage!\rendereropengl.cpp(124): warning C4244: 'argument' : conversion from 'int' to 'GLfloat', possible loss of data
     1>c:\users\admin\desktop\opengl-in-virtual-studio\workshop4_bobcatrampage!\rendereropengl.cpp(126): warning C4244: 'argument' : conversion from 'int' to 'GLfloat', possible loss of data
     1>c:\users\admin\desktop\opengl-in-virtual-studio\workshop4_bobcatrampage!\rendereropengl.cpp(126): warning C4244: 'argument' : conversion from 'int' to 'GLfloat', possible loss of data
     1>c:\users\admin\desktop\opengl-in-virtual-studio\workshop4_bobcatrampage!\rendereropengl.cpp(126): warning C4244: 'argument' : conversion from 'int' to 'GLfloat', possible loss of data
     1>c:\users\admin\desktop\opengl-in-virtual-studio\workshop4_bobcatrampage!\rendereropengl.cpp(128): warning C4244: 'argument' : conversion from 'int' to 'GLfloat', possible loss of data
     1>c:\users\admin\desktop\opengl-in-virtual-studio\workshop4_bobcatrampage!\rendereropengl.cpp(128): warning C4244: 'argument' : conversion from 'int' to 'GLfloat', possible loss of data
     1>c:\users\admin\desktop\opengl-in-virtual-studio\workshop4_bobcatrampage!\rendereropengl.cpp(128): warning C4244: 'argument' : conversion from 'int' to 'GLfloat', possible loss of data
     1>c:\users\admin\desktop\opengl-in-virtual-studio\workshop4_bobcatrampage!\rendereropengl.cpp(133): warning C4244: 'argument' : conversion from 'int' to 'GLfloat', possible loss of data
     1>c:\users\admin\desktop\opengl-in-virtual-studio\workshop4_bobcatrampage!\rendereropengl.cpp(133): warning C4244: 'argument' : conversion from 'int' to 'GLfloat', possible loss of data
     1>c:\users\admin\desktop\opengl-in-virtual-studio\workshop4_bobcatrampage!\rendereropengl.cpp(133): warning C4244: 'argument' : conversion from 'int' to 'GLfloat', possible loss of data
     1>c:\users\admin\desktop\opengl-in-virtual-studio\workshop4_bobcatrampage!\rendereropengl.cpp(135): warning C4244: 'argument' : conversion from 'int' to 'GLfloat', possible loss of data
     1>c:\users\admin\desktop\opengl-in-virtual-studio\workshop4_bobcatrampage!\rendereropengl.cpp(135): warning C4244: 'argument' : conversion from 'int' to 'GLfloat', possible loss of data
     1>c:\users\admin\desktop\opengl-in-virtual-studio\workshop4_bobcatrampage!\rendereropengl.cpp(135): warning C4244: 'argument' : conversion from 'int' to 'GLfloat', possible loss of data
     1>c:\users\admin\desktop\opengl-in-virtual-studio\workshop4_bobcatrampage!\rendereropengl.cpp(137): warning C4244: 'argument' : conversion from 'int' to 'GLfloat', possible loss of data
     1>c:\users\admin\desktop\opengl-in-virtual-studio\workshop4_bobcatrampage!\rendereropengl.cpp(137): warning C4244: 'argument' : conversion from 'int' to 'GLfloat', possible loss of data
     1>c:\users\admin\desktop\opengl-in-virtual-studio\workshop4_bobcatrampage!\rendereropengl.cpp(137): warning C4244: 'argument' : conversion from 'int' to 'GLfloat', possible loss of data
     1>c:\users\admin\desktop\opengl-in-virtual-studio\workshop4_bobcatrampage!\rendereropengl.cpp(141): warning C4244: 'argument' : conversion from 'int' to 'GLfloat', possible loss of data
     1>c:\users\admin\desktop\opengl-in-virtual-studio\workshop4_bobcatrampage!\rendereropengl.cpp(141): warning C4244: 'argument' : conversion from 'int' to 'GLfloat', possible loss of data
     1>c:\users\admin\desktop\opengl-in-virtual-studio\workshop4_bobcatrampage!\rendereropengl.cpp(141): warning C4244: 'argument' : conversion from 'int' to 'GLfloat', possible loss of data
     1>c:\users\admin\desktop\opengl-in-virtual-studio\workshop4_bobcatrampage!\rendereropengl.cpp(143): warning C4244: 'argument' : conversion from 'int' to 'GLfloat', possible loss of data
     1>c:\users\admin\desktop\opengl-in-virtual-studio\workshop4_bobcatrampage!\rendereropengl.cpp(143): warning C4244: 'argument' : conversion from 'int' to 'GLfloat', possible loss of data
     1>c:\users\admin\desktop\opengl-in-virtual-studio\workshop4_bobcatrampage!\rendereropengl.cpp(143): warning C4244: 'argument' : conversion from 'int' to 'GLfloat', possible loss of data
     1>c:\users\admin\desktop\opengl-in-virtual-studio\workshop4_bobcatrampage!\rendereropengl.cpp(145): warning C4244: 'argument' : conversion from 'int' to 'GLfloat', possible loss of data
     1>c:\users\admin\desktop\opengl-in-virtual-studio\workshop4_bobcatrampage!\rendereropengl.cpp(145): warning C4244: 'argument' : conversion from 'int' to 'GLfloat', possible loss of data
     1>c:\users\admin\desktop\opengl-in-virtual-studio\workshop4_bobcatrampage!\rendereropengl.cpp(145): warning C4244: 'argument' : conversion from 'int' to 'GLfloat', possible loss of data
     1>c:\users\admin\desktop\opengl-in-virtual-studio\workshop4_bobcatrampage!\rendereropengl.cpp(150): warning C4244: 'argument' : conversion from 'int' to 'GLfloat', possible loss of data
     1>c:\users\admin\desktop\opengl-in-virtual-studio\workshop4_bobcatrampage!\rendereropengl.cpp(150): warning C4244: 'argument' : conversion from 'int' to 'GLfloat', possible loss of data
     1>c:\users\admin\desktop\opengl-in-virtual-studio\workshop4_bobcatrampage!\rendereropengl.cpp(150): warning C4244: 'argument' : conversion from 'int' to 'GLfloat', possible loss of data
     1>c:\users\admin\desktop\opengl-in-virtual-studio\workshop4_bobcatrampage!\rendereropengl.cpp(152): warning C4244: 'argument' : conversion from 'int' to 'GLfloat', possible loss of data
     1>c:\users\admin\desktop\opengl-in-virtual-studio\workshop4_bobcatrampage!\rendereropengl.cpp(152): warning C4244: 'argument' : conversion from 'int' to 'GLfloat', possible loss of data
     1>c:\users\admin\desktop\opengl-in-virtual-studio\workshop4_bobcatrampage!\rendereropengl.cpp(152): warning C4244: 'argument' : conversion from 'int' to 'GLfloat', possible loss of data
     1>c:\users\admin\desktop\opengl-in-virtual-studio\workshop4_bobcatrampage!\rendereropengl.cpp(154): warning C4244: 'argument' : conversion from 'int' to 'GLfloat', possible loss of data
     1>c:\users\admin\desktop\opengl-in-virtual-studio\workshop4_bobcatrampage!\rendereropengl.cpp(154): warning C4244: 'argument' : conversion from 'int' to 'GLfloat', possible loss of data
     1>c:\users\admin\desktop\opengl-in-virtual-studio\workshop4_bobcatrampage!\rendereropengl.cpp(154): warning C4244: 'argument' : conversion from 'int' to 'GLfloat', possible loss of data
     1>c:\users\admin\desktop\opengl-in-virtual-studio\workshop4_bobcatrampage!\rendereropengl.cpp(159): warning C4244: 'argument' : conversion from 'int' to 'GLfloat', possible loss of data
     1>c:\users\admin\desktop\opengl-in-virtual-studio\workshop4_bobcatrampage!\rendereropengl.cpp(159): warning C4244: 'argument' : conversion from 'int' to 'GLfloat', possible loss of data
     1>c:\users\admin\desktop\opengl-in-virtual-studio\workshop4_bobcatrampage!\rendereropengl.cpp(159): warning C4244: 'argument' : conversion from 'int' to 'GLfloat', possible loss of data
     1>c:\users\admin\desktop\opengl-in-virtual-studio\workshop4_bobcatrampage!\rendereropengl.cpp(161): warning C4244: 'argument' : conversion from 'int' to 'GLfloat', possible loss of data
     1>c:\users\admin\desktop\opengl-in-virtual-studio\workshop4_bobcatrampage!\rendereropengl.cpp(161): warning C4244: 'argument' : conversion from 'int' to 'GLfloat', possible loss of data
     1>c:\users\admin\desktop\opengl-in-virtual-studio\workshop4_bobcatrampage!\rendereropengl.cpp(161): warning C4244: 'argument' : conversion from 'int' to 'GLfloat', possible loss of data
     1>c:\users\admin\desktop\opengl-in-virtual-studio\workshop4_bobcatrampage!\rendereropengl.cpp(163): warning C4244: 'argument' : conversion from 'int' to 'GLfloat', possible loss of data
     1>c:\users\admin\desktop\opengl-in-virtual-studio\workshop4_bobcatrampage!\rendereropengl.cpp(163): warning C4244: 'argument' : conversion from 'int' to 'GLfloat', possible loss of data
     1>c:\users\admin\desktop\opengl-in-virtual-studio\workshop4_bobcatrampage!\rendereropengl.cpp(163): warning C4244: 'argument' : conversion from 'int' to 'GLfloat', possible loss of data
     1>c:\users\admin\desktop\opengl-in-virtual-studio\workshop4_bobcatrampage!\rendereropengl.cpp(168): warning C4244: 'argument' : conversion from 'int' to 'GLfloat', possible loss of data
     1>c:\users\admin\desktop\opengl-in-virtual-studio\workshop4_bobcatrampage!\rendereropengl.cpp(168): warning C4244: 'argument' : conversion from 'int' to 'GLfloat', possible loss of data
     1>c:\users\admin\desktop\opengl-in-virtual-studio\workshop4_bobcatrampage!\rendereropengl.cpp(168): warning C4244: 'argument' : conversion from 'int' to 'GLfloat', possible loss of data
     1>c:\users\admin\desktop\opengl-in-virtual-studio\workshop4_bobcatrampage!\rendereropengl.cpp(170): warning C4244: 'argument' : conversion from 'int' to 'GLfloat', possible loss of data
     1>c:\users\admin\desktop\opengl-in-virtual-studio\workshop4_bobcatrampage!\rendereropengl.cpp(170): warning C4244: 'argument' : conversion from 'int' to 'GLfloat', possible loss of data
     1>c:\users\admin\desktop\opengl-in-virtual-studio\workshop4_bobcatrampage!\rendereropengl.cpp(170): warning C4244: 'argument' : conversion from 'int' to 'GLfloat', possible loss of data
     1>c:\users\admin\desktop\opengl-in-virtual-studio\workshop4_bobcatrampage!\rendereropengl.cpp(172): warning C4244: 'argument' : conversion from 'int' to 'GLfloat', possible loss of data
     1>c:\users\admin\desktop\opengl-in-virtual-studio\workshop4_bobcatrampage!\rendereropengl.cpp(172): warning C4244: 'argument' : conversion from 'int' to 'GLfloat', possible loss of data
     1>c:\users\admin\desktop\opengl-in-virtual-studio\workshop4_bobcatrampage!\rendereropengl.cpp(172): warning C4244: 'argument' : conversion from 'int' to 'GLfloat', possible loss of data
     1>c:\users\admin\desktop\opengl-in-virtual-studio\workshop4_bobcatrampage!\rendereropengl.cpp(177): warning C4244: 'argument' : conversion from 'int' to 'GLfloat', possible loss of data
     1>c:\users\admin\desktop\opengl-in-virtual-studio\workshop4_bobcatrampage!\rendereropengl.cpp(177): warning C4244: 'argument' : conversion from 'int' to 'GLfloat', possible loss of data
     1>c:\users\admin\desktop\opengl-in-virtual-studio\workshop4_bobcatrampage!\rendereropengl.cpp(177): warning C4244: 'argument' : conversion from 'int' to 'GLfloat', possible loss of data
     1>c:\users\admin\desktop\opengl-in-virtual-studio\workshop4_bobcatrampage!\rendereropengl.cpp(179): warning C4244: 'argument' : conversion from 'int' to 'GLfloat', possible loss of data
     1>c:\users\admin\desktop\opengl-in-virtual-studio\workshop4_bobcatrampage!\rendereropengl.cpp(179): warning C4244: 'argument' : conversion from 'int' to 'GLfloat', possible loss of data
     1>c:\users\admin\desktop\opengl-in-virtual-studio\workshop4_bobcatrampage!\rendereropengl.cpp(179): warning C4244: 'argument' : conversion from 'int' to 'GLfloat', possible loss of data
     1>c:\users\admin\desktop\opengl-in-virtual-studio\workshop4_bobcatrampage!\rendereropengl.cpp(181): warning C4244: 'argument' : conversion from 'int' to 'GLfloat', possible loss of data
     1>c:\users\admin\desktop\opengl-in-virtual-studio\workshop4_bobcatrampage!\rendereropengl.cpp(181): warning C4244: 'argument' : conversion from 'int' to 'GLfloat', possible loss of data
     1>c:\users\admin\desktop\opengl-in-virtual-studio\workshop4_bobcatrampage!\rendereropengl.cpp(181): warning C4244: 'argument' : conversion from 'int' to 'GLfloat', possible loss of data
     1>c:\users\admin\desktop\opengl-in-virtual-studio\workshop4_bobcatrampage!\rendereropengl.cpp(186): warning C4244: 'argument' : conversion from 'int' to 'GLfloat', possible loss of data
     1>c:\users\admin\desktop\opengl-in-virtual-studio\workshop4_bobcatrampage!\rendereropengl.cpp(186): warning C4244: 'argument' : conversion from 'int' to 'GLfloat', possible loss of data
     1>c:\users\admin\desktop\opengl-in-virtual-studio\workshop4_bobcatrampage!\rendereropengl.cpp(186): warning C4244: 'argument' : conversion from 'int' to 'GLfloat', possible loss of data
     1>c:\users\admin\desktop\opengl-in-virtual-studio\workshop4_bobcatrampage!\rendereropengl.cpp(188): warning C4244: 'argument' : conversion from 'int' to 'GLfloat', possible loss of data
     1>c:\users\admin\desktop\opengl-in-virtual-studio\workshop4_bobcatrampage!\rendereropengl.cpp(188): warning C4244: 'argument' : conversion from 'int' to 'GLfloat', possible loss of data
     1>c:\users\admin\desktop\opengl-in-virtual-studio\workshop4_bobcatrampage!\rendereropengl.cpp(188): warning C4244: 'argument' : conversion from 'int' to 'GLfloat', possible loss of data
     1>c:\users\admin\desktop\opengl-in-virtual-studio\workshop4_bobcatrampage!\rendereropengl.cpp(190): warning C4244: 'argument' : conversion from 'int' to 'GLfloat', possible loss of data
     1>c:\users\admin\desktop\opengl-in-virtual-studio\workshop4_bobcatrampage!\rendereropengl.cpp(190): warning C4244: 'argument' : conversion from 'int' to 'GLfloat', possible loss of data
     1>c:\users\admin\desktop\opengl-in-virtual-studio\workshop4_bobcatrampage!\rendereropengl.cpp(190): warning C4244: 'argument' : conversion from 'int' to 'GLfloat', possible loss of data
     1>c:\users\admin\desktop\opengl-in-virtual-studio\workshop4_bobcatrampage!\rendereropengl.cpp(195): warning C4244: 'argument' : conversion from 'int' to 'GLfloat', possible loss of data
     1>c:\users\admin\desktop\opengl-in-virtual-studio\workshop4_bobcatrampage!\rendereropengl.cpp(195): warning C4244: 'argument' : conversion from 'int' to 'GLfloat', possible loss of data
     1>c:\users\admin\desktop\opengl-in-virtual-studio\workshop4_bobcatrampage!\rendereropengl.cpp(195): warning C4244: 'argument' : conversion from 'int' to 'GLfloat', possible loss of data
     1>c:\users\admin\desktop\opengl-in-virtual-studio\workshop4_bobcatrampage!\rendereropengl.cpp(197): warning C4244: 'argument' : conversion from 'int' to 'GLfloat', possible loss of data
     1>c:\users\admin\desktop\opengl-in-virtual-studio\workshop4_bobcatrampage!\rendereropengl.cpp(197): warning C4244: 'argument' : conversion from 'int' to 'GLfloat', possible loss of data
     1>c:\users\admin\desktop\opengl-in-virtual-studio\workshop4_bobcatrampage!\rendereropengl.cpp(197): warning C4244: 'argument' : conversion from 'int' to 'GLfloat', possible loss of data
     1>c:\users\admin\desktop\opengl-in-virtual-studio\workshop4_bobcatrampage!\rendereropengl.cpp(199): warning C4244: 'argument' : conversion from 'int' to 'GLfloat', possible loss of data
     1>c:\users\admin\desktop\opengl-in-virtual-studio\workshop4_bobcatrampage!\rendereropengl.cpp(199): warning C4244: 'argument' : conversion from 'int' to 'GLfloat', possible loss of data
     1>c:\users\admin\desktop\opengl-in-virtual-studio\workshop4_bobcatrampage!\rendereropengl.cpp(199): warning C4244: 'argument' : conversion from 'int' to 'GLfloat', possible loss of data
     1>c:\users\admin\desktop\opengl-in-virtual-studio\workshop4_bobcatrampage!\rendereropengl.cpp(204): warning C4244: 'argument' : conversion from 'int' to 'GLfloat', possible loss of data
     1>c:\users\admin\desktop\opengl-in-virtual-studio\workshop4_bobcatrampage!\rendereropengl.cpp(204): warning C4244: 'argument' : conversion from 'int' to 'GLfloat', possible loss of data
     1>c:\users\admin\desktop\opengl-in-virtual-studio\workshop4_bobcatrampage!\rendereropengl.cpp(204): warning C4244: 'argument' : conversion from 'int' to 'GLfloat', possible loss of data
     1>c:\users\admin\desktop\opengl-in-virtual-studio\workshop4_bobcatrampage!\rendereropengl.cpp(206): warning C4244: 'argument' : conversion from 'int' to 'GLfloat', possible loss of data
     1>c:\users\admin\desktop\opengl-in-virtual-studio\workshop4_bobcatrampage!\rendereropengl.cpp(206): warning C4244: 'argument' : conversion from 'int' to 'GLfloat', possible loss of data
     1>c:\users\admin\desktop\opengl-in-virtual-studio\workshop4_bobcatrampage!\rendereropengl.cpp(206): warning C4244: 'argument' : conversion from 'int' to 'GLfloat', possible loss of data
     1>c:\users\admin\desktop\opengl-in-virtual-studio\workshop4_bobcatrampage!\rendereropengl.cpp(208): warning C4244: 'argument' : conversion from 'int' to 'GLfloat', possible loss of data
     1>c:\users\admin\desktop\opengl-in-virtual-studio\workshop4_bobcatrampage!\rendereropengl.cpp(208): warning C4244: 'argument' : conversion from 'int' to 'GLfloat', possible loss of data
     1>c:\users\admin\desktop\opengl-in-virtual-studio\workshop4_bobcatrampage!\rendereropengl.cpp(208): warning C4244: 'argument' : conversion from 'int' to 'GLfloat', possible loss of data
         Excavator.cpp
         Generating Code...
       ResourceCompile:
         C:\Program Files (x86)\Microsoft SDKs\Windows\v7.0A\bin\rc.exe /D _VC80_UPGRADE=0x0710 /l"0x0409" /nologo /fo"Debug\framework.res" framework.rc 
       Link:
         D:\Microsoft Visual Studio 2010\VC\bin\link.exe /ERRORREPORT:PROMPT /OUT:"Debug\framework.exe" /INCREMENTAL:NO /NOLOGO kernel32.lib user32.lib gdi32.lib winspool.lib comdlg32.lib advapi32.lib shell32.lib ole32.lib oleaut32.lib uuid.lib odbc32.lib odbccp32.lib /MANIFEST /ManifestFile:"Debug\framework.exe.intermediate.manifest" /MANIFESTUAC:"level='asInvoker' uiAccess='false'" /DEBUG /PDB:"Debug\framework.pdb" /SUBSYSTEM:WINDOWS /TLBID:1 /DYNAMICBASE:NO /IMPLIB:"Debug\framework.lib" /MACHINE:X86 Debug\framework.res
         Debug\Entity.obj
         Debug\Excavator.obj
         Debug\RendererOpenGL.obj
         Debug\windowCreator.obj
         Debug\winMain.obj
         Debug\ASELoader.obj
         Debug\Matrix4x4f.obj
     1>Entity.obj : warning LNK4075: ignoring '/EDITANDCONTINUE' due to '/INCREMENTAL:NO' specification
         framework.vcxproj -> C:\Users\Admin\Desktop\OpenGL-in-Virtual-Studio\Workshop4_BobcatRampage!\Debug\framework.exe
       Manifest:
         C:\Program Files (x86)\Microsoft SDKs\Windows\v7.0A\bin\mt.exe /nologo /verbose /outputresource:"Debug\framework.exe;#1" /manifest Debug\framework.exe.intermediate.manifest
       FinalizeBuildStatus:
         Deleting file "Debug\framework.unsuccessfulbuild".
         Touching "Debug\framework.lastbuildstate".
     1>Done Building Project "C:\Users\Admin\Desktop\OpenGL-in-Virtual-Studio\Workshop4_BobcatRampage!\framework.vcxproj" (build target(s)).

Build succeeded.

Time Elapsed 00:00:03.74
